<?xml version="1.0" encoding="UTF-8"?>
<!-- Generated by org.testng.reporters.JUnitReportReporter -->
<testsuite hostname="WIN7DX64-02644" name="security.UserLockOutTest" tests="1" failures="0" timestamp="17 Mar 2017 10:54:55 GMT" time="40.360" errors="0">
  <testcase name="userLockOutTest" time="40.360" classname="security.UserLockOutTest"/>
</testsuite> <!-- security.UserLockOutTest -->
