<?xml version="1.0" encoding="UTF-8"?>
<!-- Generated by org.testng.reporters.JUnitReportReporter -->
<testsuite hostname="WIN7DX64-02644" name="com.bridge.security.SessionTimeOutTest" tests="1" failures="0" timestamp="28 Mar 2017 10:54:11 GMT" time="17.541" errors="0">
  <testcase name="autoLogOutTest" time="17.541" classname="com.bridge.security.SessionTimeOutTest"/>
</testsuite> <!-- com.bridge.security.SessionTimeOutTest -->
