<?xml version="1.0" encoding="UTF-8"?>
<!-- Generated by org.testng.reporters.JUnitReportReporter -->
<testsuite hostname="WIN7DX64-02644" name="security.AfterLogOutTest" tests="1" failures="0" timestamp="13 Mar 2017 12:23:53 GMT" time="222.484" errors="0">
  <testcase name="AfterLogOut" time="222.484" classname="security.AfterLogOutTest"/>
</testsuite> <!-- security.AfterLogOutTest -->
