<?xml version="1.0" encoding="UTF-8"?>
<!-- Generated by org.testng.reporters.JUnitReportReporter -->
<testsuite hostname="WIN7DX64-02644" name="com.bridge.security.PasswordRulesTest" tests="1" failures="0" timestamp="18 Apr 2017 11:24:46 GMT" time="190.932" errors="0">
  <testcase name="passwordRuleTest" time="190.932" classname="com.bridge.security.PasswordRulesTest"/>
</testsuite> <!-- com.bridge.security.PasswordRulesTest -->
