<?xml version="1.0" encoding="UTF-8"?>
<!-- Generated by org.testng.reporters.JUnitReportReporter -->
<testsuite skipped="0" hostname="WIN7DX64-03367" name="regressionTestPlans.LaunchBridgeMedicalTest" tests="1" failures="0" timestamp="27 May 2017 12:23:52 GMT" time="10012.867" errors="0">
  <testcase name="bridgeMedicalLoginTest" time="10012.867" classname="regressionTestPlans.LaunchBridgeMedicalTest"/>
</testsuite> <!-- regressionTestPlans.LaunchBridgeMedicalTest -->
