<?xml version="1.0" encoding="UTF-8"?>
<!-- Generated by org.testng.reporters.JUnitReportReporter -->
<testsuite skipped="0" hostname="WIN7DX64-03367" name="regressionTestPlans.BedsideBreastMilkLotExpForFortifiersTest" tests="1" failures="0" timestamp="27 May 2017 04:25:09 GMT" time="35.551" errors="0">
  <testcase name="test" time="35.551" classname="regressionTestPlans.BedsideBreastMilkLotExpForFortifiersTest"/>
</testsuite> <!-- regressionTestPlans.BedsideBreastMilkLotExpForFortifiersTest -->
