<?xml version="1.0" encoding="UTF-8"?>
<!-- Generated by org.testng.reporters.JUnitReportReporter -->
<testsuite skipped="0" hostname="WIN7DX64-03367" name="regressionTestPlans.BRDGTXA_VR_RapidTansfusion" tests="1" failures="0" timestamp="31 Jul 2017 10:39:41 GMT" time="110.518" errors="0">
  <testcase name="rapidTransfusion" time="110.518" classname="regressionTestPlans.BRDGTXA_VR_RapidTansfusion"/>
</testsuite> <!-- regressionTestPlans.BRDGTXA_VR_RapidTansfusion -->
