<?xml version="1.0" encoding="UTF-8"?>
<!-- Generated by org.testng.reporters.JUnitReportReporter -->
<testsuite skipped="0" hostname="WIN7DX64-03367" name="Test.BedsideBreastMilkLotExpForFortifiersTest" tests="1" failures="0" timestamp="26 May 2017 07:03:56 GMT" time="25.030" errors="0">
  <testcase name="test" time="25.030" classname="Test.BedsideBreastMilkLotExpForFortifiersTest"/>
</testsuite> <!-- Test.BedsideBreastMilkLotExpForFortifiersTest -->
