<?xml version="1.0" encoding="UTF-8"?>
<!-- Generated by org.testng.reporters.JUnitReportReporter -->
<testsuite skipped="0" hostname="WIN7DX64-03367" name="regressionTestPlans.BRDGTXA_VR_ViewReactionChangeBloodTest" tests="1" failures="0" timestamp="31 Jul 2017 10:35:59 GMT" time="69.085" errors="0">
  <testcase name="viewReactionChangeBloodTypeTest" time="69.085" classname="regressionTestPlans.BRDGTXA_VR_ViewReactionChangeBloodTest"/>
</testsuite> <!-- regressionTestPlans.BRDGTXA_VR_ViewReactionChangeBloodTest -->
