<?xml version="1.0" encoding="UTF-8"?>
<!-- Generated by org.testng.reporters.JUnitReportReporter -->
<testsuite skipped="0" hostname="WIN7DX64-03367" name="regressionTestPlans.BRDGTXA_VR_Browse_Transfusion_HistoryTest" tests="1" failures="0" timestamp="28 Jul 2017 09:54:09 GMT" time="412.241" errors="0">
  <testcase name="browseTransfusionHistoryTest" time="412.241" classname="regressionTestPlans.BRDGTXA_VR_Browse_Transfusion_HistoryTest"/>
</testsuite> <!-- regressionTestPlans.BRDGTXA_VR_Browse_Transfusion_HistoryTest -->
