<?xml version="1.0" encoding="UTF-8"?>
<!-- Generated by org.testng.reporters.JUnitReportReporter -->
<testsuite skipped="0" hostname="WIN7DX64-03367" name="regressionTestPlans.BRDGRegHoldTransfusionTest" tests="1" failures="0" timestamp="29 May 2017 04:52:04 GMT" time="136.610" errors="0">
  <testcase name="holdTransfusionTest" time="136.610" classname="regressionTestPlans.BRDGRegHoldTransfusionTest"/>
</testsuite> <!-- regressionTestPlans.BRDGRegHoldTransfusionTest -->
