<?xml version="1.0" encoding="UTF-8"?>
<!-- Generated by org.testng.reporters.JUnitReportReporter -->
<testsuite skipped="0" hostname="WIN7DX64-03367" name="regressionTestPlans.BRDG_VR_AdministerDerivative" tests="1" failures="0" timestamp="13 Jul 2017 04:37:52 GMT" time="153.210" errors="0">
  <testcase name="bloodPlasmaTest" time="153.210" classname="regressionTestPlans.BRDG_VR_AdministerDerivative"/>
</testsuite> <!-- regressionTestPlans.BRDG_VR_AdministerDerivative -->
